[2020-01-08 23:01:52,723] INFO [Controller id=0] Processing automatic preferred replica leader election (kafka.controller.KafkaController)
[2020-01-08 23:01:52,724] TRACE [Controller id=0] Checking need to trigger auto leader balancing (kafka.controller.KafkaController)
[2020-01-08 23:01:52,725] DEBUG [Controller id=0] Preferred replicas by broker Map(0 -> Map(my-replicated-topic-0 -> Vector(0, 1, 2))) (kafka.controller.KafkaController)
[2020-01-08 23:01:52,725] DEBUG [Controller id=0] Topics not in preferred replica for broker 0 Map() (kafka.controller.KafkaController)
[2020-01-08 23:01:52,725] TRACE [Controller id=0] Leader imbalance ratio for broker 0 is 0.0 (kafka.controller.KafkaController)
[2020-01-08 23:06:52,725] INFO [Controller id=0] Processing automatic preferred replica leader election (kafka.controller.KafkaController)
[2020-01-08 23:06:52,726] TRACE [Controller id=0] Checking need to trigger auto leader balancing (kafka.controller.KafkaController)
[2020-01-08 23:06:52,726] DEBUG [Controller id=0] Preferred replicas by broker Map(0 -> Map(my-replicated-topic-0 -> Vector(0, 1, 2))) (kafka.controller.KafkaController)
[2020-01-08 23:06:52,726] DEBUG [Controller id=0] Topics not in preferred replica for broker 0 Map() (kafka.controller.KafkaController)
[2020-01-08 23:06:52,726] TRACE [Controller id=0] Leader imbalance ratio for broker 0 is 0.0 (kafka.controller.KafkaController)
[2020-01-08 23:11:52,727] INFO [Controller id=0] Processing automatic preferred replica leader election (kafka.controller.KafkaController)
[2020-01-08 23:11:52,727] TRACE [Controller id=0] Checking need to trigger auto leader balancing (kafka.controller.KafkaController)
[2020-01-08 23:11:52,727] DEBUG [Controller id=0] Preferred replicas by broker Map(0 -> Map(my-replicated-topic-0 -> Vector(0, 1, 2))) (kafka.controller.KafkaController)
[2020-01-08 23:11:52,728] DEBUG [Controller id=0] Topics not in preferred replica for broker 0 Map() (kafka.controller.KafkaController)
[2020-01-08 23:11:52,728] TRACE [Controller id=0] Leader imbalance ratio for broker 0 is 0.0 (kafka.controller.KafkaController)
[2020-01-08 23:16:52,728] INFO [Controller id=0] Processing automatic preferred replica leader election (kafka.controller.KafkaController)
[2020-01-08 23:16:52,728] TRACE [Controller id=0] Checking need to trigger auto leader balancing (kafka.controller.KafkaController)
[2020-01-08 23:16:52,729] DEBUG [Controller id=0] Preferred replicas by broker Map(0 -> Map(my-replicated-topic-0 -> Vector(0, 1, 2))) (kafka.controller.KafkaController)
[2020-01-08 23:16:52,729] DEBUG [Controller id=0] Topics not in preferred replica for broker 0 Map() (kafka.controller.KafkaController)
[2020-01-08 23:16:52,729] TRACE [Controller id=0] Leader imbalance ratio for broker 0 is 0.0 (kafka.controller.KafkaController)
[2020-01-08 23:21:52,730] INFO [Controller id=0] Processing automatic preferred replica leader election (kafka.controller.KafkaController)
[2020-01-08 23:21:52,730] TRACE [Controller id=0] Checking need to trigger auto leader balancing (kafka.controller.KafkaController)
[2020-01-08 23:21:52,730] DEBUG [Controller id=0] Preferred replicas by broker Map(0 -> Map(my-replicated-topic-0 -> Vector(0, 1, 2))) (kafka.controller.KafkaController)
[2020-01-08 23:21:52,731] DEBUG [Controller id=0] Topics not in preferred replica for broker 0 Map() (kafka.controller.KafkaController)
[2020-01-08 23:21:52,731] TRACE [Controller id=0] Leader imbalance ratio for broker 0 is 0.0 (kafka.controller.KafkaController)
[2020-01-08 23:26:52,731] INFO [Controller id=0] Processing automatic preferred replica leader election (kafka.controller.KafkaController)
[2020-01-08 23:26:52,731] TRACE [Controller id=0] Checking need to trigger auto leader balancing (kafka.controller.KafkaController)
[2020-01-08 23:26:52,732] DEBUG [Controller id=0] Preferred replicas by broker Map(0 -> Map(my-replicated-topic-0 -> Vector(0, 1, 2))) (kafka.controller.KafkaController)
[2020-01-08 23:26:52,732] DEBUG [Controller id=0] Topics not in preferred replica for broker 0 Map() (kafka.controller.KafkaController)
[2020-01-08 23:26:52,732] TRACE [Controller id=0] Leader imbalance ratio for broker 0 is 0.0 (kafka.controller.KafkaController)
[2020-01-08 23:31:52,733] INFO [Controller id=0] Processing automatic preferred replica leader election (kafka.controller.KafkaController)
[2020-01-08 23:31:52,733] TRACE [Controller id=0] Checking need to trigger auto leader balancing (kafka.controller.KafkaController)
[2020-01-08 23:31:52,733] DEBUG [Controller id=0] Preferred replicas by broker Map(0 -> Map(my-replicated-topic-0 -> Vector(0, 1, 2))) (kafka.controller.KafkaController)
[2020-01-08 23:31:52,733] DEBUG [Controller id=0] Topics not in preferred replica for broker 0 Map() (kafka.controller.KafkaController)
[2020-01-08 23:31:52,733] TRACE [Controller id=0] Leader imbalance ratio for broker 0 is 0.0 (kafka.controller.KafkaController)
[2020-01-08 23:36:52,734] INFO [Controller id=0] Processing automatic preferred replica leader election (kafka.controller.KafkaController)
[2020-01-08 23:36:52,734] TRACE [Controller id=0] Checking need to trigger auto leader balancing (kafka.controller.KafkaController)
[2020-01-08 23:36:52,735] DEBUG [Controller id=0] Preferred replicas by broker Map(0 -> Map(my-replicated-topic-0 -> Vector(0, 1, 2))) (kafka.controller.KafkaController)
[2020-01-08 23:36:52,735] DEBUG [Controller id=0] Topics not in preferred replica for broker 0 Map() (kafka.controller.KafkaController)
[2020-01-08 23:36:52,735] TRACE [Controller id=0] Leader imbalance ratio for broker 0 is 0.0 (kafka.controller.KafkaController)
[2020-01-08 23:41:52,735] INFO [Controller id=0] Processing automatic preferred replica leader election (kafka.controller.KafkaController)
[2020-01-08 23:41:52,736] TRACE [Controller id=0] Checking need to trigger auto leader balancing (kafka.controller.KafkaController)
[2020-01-08 23:41:52,736] DEBUG [Controller id=0] Preferred replicas by broker Map(0 -> Map(my-replicated-topic-0 -> Vector(0, 1, 2))) (kafka.controller.KafkaController)
[2020-01-08 23:41:52,736] DEBUG [Controller id=0] Topics not in preferred replica for broker 0 Map() (kafka.controller.KafkaController)
[2020-01-08 23:41:52,736] TRACE [Controller id=0] Leader imbalance ratio for broker 0 is 0.0 (kafka.controller.KafkaController)
[2020-01-08 23:46:52,737] INFO [Controller id=0] Processing automatic preferred replica leader election (kafka.controller.KafkaController)
[2020-01-08 23:46:52,737] TRACE [Controller id=0] Checking need to trigger auto leader balancing (kafka.controller.KafkaController)
[2020-01-08 23:46:52,737] DEBUG [Controller id=0] Preferred replicas by broker Map(0 -> Map(my-replicated-topic-0 -> Vector(0, 1, 2))) (kafka.controller.KafkaController)
[2020-01-08 23:46:52,738] DEBUG [Controller id=0] Topics not in preferred replica for broker 0 Map() (kafka.controller.KafkaController)
[2020-01-08 23:46:52,738] TRACE [Controller id=0] Leader imbalance ratio for broker 0 is 0.0 (kafka.controller.KafkaController)
[2020-01-08 23:51:52,738] INFO [Controller id=0] Processing automatic preferred replica leader election (kafka.controller.KafkaController)
[2020-01-08 23:51:52,738] TRACE [Controller id=0] Checking need to trigger auto leader balancing (kafka.controller.KafkaController)
[2020-01-08 23:51:52,739] DEBUG [Controller id=0] Preferred replicas by broker Map(0 -> Map(my-replicated-topic-0 -> Vector(0, 1, 2))) (kafka.controller.KafkaController)
[2020-01-08 23:51:52,739] DEBUG [Controller id=0] Topics not in preferred replica for broker 0 Map() (kafka.controller.KafkaController)
[2020-01-08 23:51:52,739] TRACE [Controller id=0] Leader imbalance ratio for broker 0 is 0.0 (kafka.controller.KafkaController)
