[2020-01-08 21:41:46,557] INFO Registered kafka:type=kafka.Log4jController MBean (kafka.utils.Log4jControllerRegistration$)
[2020-01-08 21:41:46,881] INFO Registered signal handlers for TERM, INT, HUP (org.apache.kafka.common.utils.LoggingSignalHandler)
[2020-01-08 21:41:46,881] INFO starting (kafka.server.KafkaServer)
[2020-01-08 21:41:46,882] INFO Connecting to zookeeper on localhost:2181 (kafka.server.KafkaServer)
[2020-01-08 21:41:46,894] INFO [ZooKeeperClient Kafka server] Initializing a new session to localhost:2181. (kafka.zookeeper.ZooKeeperClient)
[2020-01-08 21:41:46,897] INFO Client environment:zookeeper.version=3.5.6-c11b7e26bc554b8523dc929761dd28808913f091, built on 10/08/2019 20:18 GMT (org.apache.zookeeper.ZooKeeper)
[2020-01-08 21:41:46,897] INFO Client environment:host.name=cracker (org.apache.zookeeper.ZooKeeper)
[2020-01-08 21:41:46,897] INFO Client environment:java.version=1.8.0_232 (org.apache.zookeeper.ZooKeeper)
[2020-01-08 21:41:46,897] INFO Client environment:java.vendor=Private Build (org.apache.zookeeper.ZooKeeper)
[2020-01-08 21:41:46,897] INFO Client environment:java.home=/usr/lib/jvm/java-8-openjdk-amd64/jre (org.apache.zookeeper.ZooKeeper)
[2020-01-08 21:41:46,897] INFO Client environment:java.class.path=/home/cracker/Documents/kafka_2.12-2.4.0/bin/../libs/activation-1.1.1.jar:/home/cracker/Documents/kafka_2.12-2.4.0/bin/../libs/aopalliance-repackaged-2.5.0.jar:/home/cracker/Documents/kafka_2.12-2.4.0/bin/../libs/argparse4j-0.7.0.jar:/home/cracker/Documents/kafka_2.12-2.4.0/bin/../libs/audience-annotations-0.5.0.jar:/home/cracker/Documents/kafka_2.12-2.4.0/bin/../libs/commons-cli-1.4.jar:/home/cracker/Documents/kafka_2.12-2.4.0/bin/../libs/commons-lang3-3.8.1.jar:/home/cracker/Documents/kafka_2.12-2.4.0/bin/../libs/connect-api-2.4.0.jar:/home/cracker/Documents/kafka_2.12-2.4.0/bin/../libs/connect-basic-auth-extension-2.4.0.jar:/home/cracker/Documents/kafka_2.12-2.4.0/bin/../libs/connect-file-2.4.0.jar:/home/cracker/Documents/kafka_2.12-2.4.0/bin/../libs/connect-json-2.4.0.jar:/home/cracker/Documents/kafka_2.12-2.4.0/bin/../libs/connect-mirror-2.4.0.jar:/home/cracker/Documents/kafka_2.12-2.4.0/bin/../libs/connect-mirror-client-2.4.0.jar:/home/cracker/Documents/kafka_2.12-2.4.0/bin/../libs/connect-runtime-2.4.0.jar:/home/cracker/Documents/kafka_2.12-2.4.0/bin/../libs/connect-transforms-2.4.0.jar:/home/cracker/Documents/kafka_2.12-2.4.0/bin/../libs/guava-20.0.jar:/home/cracker/Documents/kafka_2.12-2.4.0/bin/../libs/hk2-api-2.5.0.jar:/home/cracker/Documents/kafka_2.12-2.4.0/bin/../libs/hk2-locator-2.5.0.jar:/home/cracker/Documents/kafka_2.12-2.4.0/bin/../libs/hk2-utils-2.5.0.jar:/home/cracker/Documents/kafka_2.12-2.4.0/bin/../libs/jackson-annotations-2.10.0.jar:/home/cracker/Documents/kafka_2.12-2.4.0/bin/../libs/jackson-core-2.10.0.jar:/home/cracker/Documents/kafka_2.12-2.4.0/bin/../libs/jackson-databind-2.10.0.jar:/home/cracker/Documents/kafka_2.12-2.4.0/bin/../libs/jackson-dataformat-csv-2.10.0.jar:/home/cracker/Documents/kafka_2.12-2.4.0/bin/../libs/jackson-datatype-jdk8-2.10.0.jar:/home/cracker/Documents/kafka_2.12-2.4.0/bin/../libs/jackson-jaxrs-base-2.10.0.jar:/home/cracker/Documents/kafka_2.12-2.4.0/bin/../libs/jackson-jaxrs-json-provider-2.10.0.jar:/home/cracker/Documents/kafka_2.12-2.4.0/bin/../libs/jackson-module-jaxb-annotations-2.10.0.jar:/home/cracker/Documents/kafka_2.12-2.4.0/bin/../libs/jackson-module-paranamer-2.10.0.jar:/home/cracker/Documents/kafka_2.12-2.4.0/bin/../libs/jackson-module-scala_2.12-2.10.0.jar:/home/cracker/Documents/kafka_2.12-2.4.0/bin/../libs/jakarta.activation-api-1.2.1.jar:/home/cracker/Documents/kafka_2.12-2.4.0/bin/../libs/jakarta.annotation-api-1.3.4.jar:/home/cracker/Documents/kafka_2.12-2.4.0/bin/../libs/jakarta.inject-2.5.0.jar:/home/cracker/Documents/kafka_2.12-2.4.0/bin/../libs/jakarta.ws.rs-api-2.1.5.jar:/home/cracker/Documents/kafka_2.12-2.4.0/bin/../libs/jakarta.xml.bind-api-2.3.2.jar:/home/cracker/Documents/kafka_2.12-2.4.0/bin/../libs/javassist-3.22.0-CR2.jar:/home/cracker/Documents/kafka_2.12-2.4.0/bin/../libs/javax.servlet-api-3.1.0.jar:/home/cracker/Documents/kafka_2.12-2.4.0/bin/../libs/javax.ws.rs-api-2.1.1.jar:/home/cracker/Documents/kafka_2.12-2.4.0/bin/../libs/jaxb-api-2.3.0.jar:/home/cracker/Documents/kafka_2.12-2.4.0/bin/../libs/jersey-client-2.28.jar:/home/cracker/Documents/kafka_2.12-2.4.0/bin/../libs/jersey-common-2.28.jar:/home/cracker/Documents/kafka_2.12-2.4.0/bin/../libs/jersey-container-servlet-2.28.jar:/home/cracker/Documents/kafka_2.12-2.4.0/bin/../libs/jersey-container-servlet-core-2.28.jar:/home/cracker/Documents/kafka_2.12-2.4.0/bin/../libs/jersey-hk2-2.28.jar:/home/cracker/Documents/kafka_2.12-2.4.0/bin/../libs/jersey-media-jaxb-2.28.jar:/home/cracker/Documents/kafka_2.12-2.4.0/bin/../libs/jersey-server-2.28.jar:/home/cracker/Documents/kafka_2.12-2.4.0/bin/../libs/jetty-client-9.4.20.v20190813.jar:/home/cracker/Documents/kafka_2.12-2.4.0/bin/../libs/jetty-continuation-9.4.20.v20190813.jar:/home/cracker/Documents/kafka_2.12-2.4.0/bin/../libs/jetty-http-9.4.20.v20190813.jar:/home/cracker/Documents/kafka_2.12-2.4.0/bin/../libs/jetty-io-9.4.20.v20190813.jar:/home/cracker/Documents/kafka_2.12-2.4.0/bin/../libs/jetty-security-9.4.20.v20190813.jar:/home/cracker/Documents/kafka_2.12-2.4.0/bin/../libs/jetty-server-9.4.20.v20190813.jar:/home/cracker/Documents/kafka_2.12-2.4.0/bin/../libs/jetty-servlet-9.4.20.v20190813.jar:/home/cracker/Documents/kafka_2.12-2.4.0/bin/../libs/jetty-servlets-9.4.20.v20190813.jar:/home/cracker/Documents/kafka_2.12-2.4.0/bin/../libs/jetty-util-9.4.20.v20190813.jar:/home/cracker/Documents/kafka_2.12-2.4.0/bin/../libs/jopt-simple-5.0.4.jar:/home/cracker/Documents/kafka_2.12-2.4.0/bin/../libs/kafka_2.12-2.4.0.jar:/home/cracker/Documents/kafka_2.12-2.4.0/bin/../libs/kafka_2.12-2.4.0-sources.jar:/home/cracker/Documents/kafka_2.12-2.4.0/bin/../libs/kafka-clients-2.4.0.jar:/home/cracker/Documents/kafka_2.12-2.4.0/bin/../libs/kafka-log4j-appender-2.4.0.jar:/home/cracker/Documents/kafka_2.12-2.4.0/bin/../libs/kafka-streams-2.4.0.jar:/home/cracker/Documents/kafka_2.12-2.4.0/bin/../libs/kafka-streams-examples-2.4.0.jar:/home/cracker/Documents/kafka_2.12-2.4.0/bin/../libs/kafka-streams-scala_2.12-2.4.0.jar:/home/cracker/Documents/kafka_2.12-2.4.0/bin/../libs/kafka-streams-test-utils-2.4.0.jar:/home/cracker/Documents/kafka_2.12-2.4.0/bin/../libs/kafka-tools-2.4.0.jar:/home/cracker/Documents/kafka_2.12-2.4.0/bin/../libs/log4j-1.2.17.jar:/home/cracker/Documents/kafka_2.12-2.4.0/bin/../libs/lz4-java-1.6.0.jar:/home/cracker/Documents/kafka_2.12-2.4.0/bin/../libs/maven-artifact-3.6.1.jar:/home/cracker/Documents/kafka_2.12-2.4.0/bin/../libs/metrics-core-2.2.0.jar:/home/cracker/Documents/kafka_2.12-2.4.0/bin/../libs/netty-buffer-4.1.42.Final.jar:/home/cracker/Documents/kafka_2.12-2.4.0/bin/../libs/netty-codec-4.1.42.Final.jar:/home/cracker/Documents/kafka_2.12-2.4.0/bin/../libs/netty-common-4.1.42.Final.jar:/home/cracker/Documents/kafka_2.12-2.4.0/bin/../libs/netty-handler-4.1.42.Final.jar:/home/cracker/Documents/kafka_2.12-2.4.0/bin/../libs/netty-resolver-4.1.42.Final.jar:/home/cracker/Documents/kafka_2.12-2.4.0/bin/../libs/netty-transport-4.1.42.Final.jar:/home/cracker/Documents/kafka_2.12-2.4.0/bin/../libs/netty-transport-native-epoll-4.1.42.Final.jar:/home/cracker/Documents/kafka_2.12-2.4.0/bin/../libs/netty-transport-native-unix-common-4.1.42.Final.jar:/home/cracker/Documents/kafka_2.12-2.4.0/bin/../libs/osgi-resource-locator-1.0.1.jar:/home/cracker/Documents/kafka_2.12-2.4.0/bin/../libs/paranamer-2.8.jar:/home/cracker/Documents/kafka_2.12-2.4.0/bin/../libs/plexus-utils-3.2.0.jar:/home/cracker/Documents/kafka_2.12-2.4.0/bin/../libs/reflections-0.9.11.jar:/home/cracker/Documents/kafka_2.12-2.4.0/bin/../libs/rocksdbjni-5.18.3.jar:/home/cracker/Documents/kafka_2.12-2.4.0/bin/../libs/scala-collection-compat_2.12-2.1.2.jar:/home/cracker/Documents/kafka_2.12-2.4.0/bin/../libs/scala-java8-compat_2.12-0.9.0.jar:/home/cracker/Documents/kafka_2.12-2.4.0/bin/../libs/scala-library-2.12.10.jar:/home/cracker/Documents/kafka_2.12-2.4.0/bin/../libs/scala-logging_2.12-3.9.2.jar:/home/cracker/Documents/kafka_2.12-2.4.0/bin/../libs/scala-reflect-2.12.10.jar:/home/cracker/Documents/kafka_2.12-2.4.0/bin/../libs/slf4j-api-1.7.28.jar:/home/cracker/Documents/kafka_2.12-2.4.0/bin/../libs/slf4j-log4j12-1.7.28.jar:/home/cracker/Documents/kafka_2.12-2.4.0/bin/../libs/snappy-java-1.1.7.3.jar:/home/cracker/Documents/kafka_2.12-2.4.0/bin/../libs/validation-api-2.0.1.Final.jar:/home/cracker/Documents/kafka_2.12-2.4.0/bin/../libs/zookeeper-3.5.6.jar:/home/cracker/Documents/kafka_2.12-2.4.0/bin/../libs/zookeeper-jute-3.5.6.jar:/home/cracker/Documents/kafka_2.12-2.4.0/bin/../libs/zstd-jni-1.4.3-1.jar (org.apache.zookeeper.ZooKeeper)
[2020-01-08 21:41:46,898] INFO Client environment:java.library.path=/usr/java/packages/lib/amd64:/usr/lib/x86_64-linux-gnu/jni:/lib/x86_64-linux-gnu:/usr/lib/x86_64-linux-gnu:/usr/lib/jni:/lib:/usr/lib (org.apache.zookeeper.ZooKeeper)
[2020-01-08 21:41:46,898] INFO Client environment:java.io.tmpdir=/tmp (org.apache.zookeeper.ZooKeeper)
[2020-01-08 21:41:46,898] INFO Client environment:java.compiler=<NA> (org.apache.zookeeper.ZooKeeper)
[2020-01-08 21:41:46,898] INFO Client environment:os.name=Linux (org.apache.zookeeper.ZooKeeper)
[2020-01-08 21:41:46,898] INFO Client environment:os.arch=amd64 (org.apache.zookeeper.ZooKeeper)
[2020-01-08 21:41:46,898] INFO Client environment:os.version=5.0.0-37-generic (org.apache.zookeeper.ZooKeeper)
[2020-01-08 21:41:46,898] INFO Client environment:user.name=root (org.apache.zookeeper.ZooKeeper)
[2020-01-08 21:41:46,898] INFO Client environment:user.home=/root (org.apache.zookeeper.ZooKeeper)
[2020-01-08 21:41:46,898] INFO Client environment:user.dir=/home/cracker/Documents/kafka_2.12-2.4.0 (org.apache.zookeeper.ZooKeeper)
[2020-01-08 21:41:46,898] INFO Client environment:os.memory.free=976MB (org.apache.zookeeper.ZooKeeper)
[2020-01-08 21:41:46,898] INFO Client environment:os.memory.max=1024MB (org.apache.zookeeper.ZooKeeper)
[2020-01-08 21:41:46,898] INFO Client environment:os.memory.total=1024MB (org.apache.zookeeper.ZooKeeper)
[2020-01-08 21:41:46,899] INFO Initiating client connection, connectString=localhost:2181 sessionTimeout=6000 watcher=kafka.zookeeper.ZooKeeperClient$ZooKeeperClientWatcher$@7722c3c3 (org.apache.zookeeper.ZooKeeper)
[2020-01-08 21:41:46,902] INFO Setting -D jdk.tls.rejectClientInitiatedRenegotiation=true to disable client-initiated TLS renegotiation (org.apache.zookeeper.common.X509Util)
[2020-01-08 21:41:46,905] INFO jute.maxbuffer value is 4194304 Bytes (org.apache.zookeeper.ClientCnxnSocket)
[2020-01-08 21:41:46,909] INFO zookeeper.request.timeout value is 0. feature enabled= (org.apache.zookeeper.ClientCnxn)
[2020-01-08 21:41:46,910] INFO [ZooKeeperClient Kafka server] Waiting until connected. (kafka.zookeeper.ZooKeeperClient)
[2020-01-08 21:41:46,912] INFO Opening socket connection to server localhost/127.0.0.1:2181. Will not attempt to authenticate using SASL (unknown error) (org.apache.zookeeper.ClientCnxn)
[2020-01-08 21:41:46,915] INFO Socket connection established, initiating session, client: /127.0.0.1:51304, server: localhost/127.0.0.1:2181 (org.apache.zookeeper.ClientCnxn)
[2020-01-08 21:41:46,930] INFO Session establishment complete on server localhost/127.0.0.1:2181, sessionid = 0x1000500bf380000, negotiated timeout = 6000 (org.apache.zookeeper.ClientCnxn)
[2020-01-08 21:41:46,940] INFO [ZooKeeperClient Kafka server] Connected. (kafka.zookeeper.ZooKeeperClient)
[2020-01-08 21:41:47,155] INFO Cluster ID = HAbc1mY1Tcu-E_4yhpaS4g (kafka.server.KafkaServer)
[2020-01-08 21:41:47,158] WARN No meta.properties file under dir /tmp/kafka-logs/meta.properties (kafka.server.BrokerMetadataCheckpoint)
[2020-01-08 21:41:47,194] INFO KafkaConfig values: 
	advertised.host.name = null
	advertised.listeners = null
	advertised.port = null
	alter.config.policy.class.name = null
	alter.log.dirs.replication.quota.window.num = 11
	alter.log.dirs.replication.quota.window.size.seconds = 1
	authorizer.class.name = 
	auto.create.topics.enable = true
	auto.leader.rebalance.enable = true
	background.threads = 10
	broker.id = 0
	broker.id.generation.enable = true
	broker.rack = null
	client.quota.callback.class = null
	compression.type = producer
	connection.failed.authentication.delay.ms = 100
	connections.max.idle.ms = 600000
	connections.max.reauth.ms = 0
	control.plane.listener.name = null
	controlled.shutdown.enable = true
	controlled.shutdown.max.retries = 3
	controlled.shutdown.retry.backoff.ms = 5000
	controller.socket.timeout.ms = 30000
	create.topic.policy.class.name = null
	default.replication.factor = 1
	delegation.token.expiry.check.interval.ms = 3600000
	delegation.token.expiry.time.ms = 86400000
	delegation.token.master.key = null
	delegation.token.max.lifetime.ms = 604800000
	delete.records.purgatory.purge.interval.requests = 1
	delete.topic.enable = true
	fetch.purgatory.purge.interval.requests = 1000
	group.initial.rebalance.delay.ms = 0
	group.max.session.timeout.ms = 1800000
	group.max.size = 2147483647
	group.min.session.timeout.ms = 6000
	host.name = 
	inter.broker.listener.name = null
	inter.broker.protocol.version = 2.4-IV1
	kafka.metrics.polling.interval.secs = 10
	kafka.metrics.reporters = []
	leader.imbalance.check.interval.seconds = 300
	leader.imbalance.per.broker.percentage = 10
	listener.security.protocol.map = PLAINTEXT:PLAINTEXT,SSL:SSL,SASL_PLAINTEXT:SASL_PLAINTEXT,SASL_SSL:SASL_SSL
	listeners = null
	log.cleaner.backoff.ms = 15000
	log.cleaner.dedupe.buffer.size = 134217728
	log.cleaner.delete.retention.ms = 86400000
	log.cleaner.enable = true
	log.cleaner.io.buffer.load.factor = 0.9
	log.cleaner.io.buffer.size = 524288
	log.cleaner.io.max.bytes.per.second = 1.7976931348623157E308
	log.cleaner.max.compaction.lag.ms = 9223372036854775807
	log.cleaner.min.cleanable.ratio = 0.5
	log.cleaner.min.compaction.lag.ms = 0
	log.cleaner.threads = 1
	log.cleanup.policy = [delete]
	log.dir = /tmp/kafka-logs
	log.dirs = /tmp/kafka-logs
	log.flush.interval.messages = 9223372036854775807
	log.flush.interval.ms = null
	log.flush.offset.checkpoint.interval.ms = 60000
	log.flush.scheduler.interval.ms = 9223372036854775807
	log.flush.start.offset.checkpoint.interval.ms = 60000
	log.index.interval.bytes = 4096
	log.index.size.max.bytes = 10485760
	log.message.downconversion.enable = true
	log.message.format.version = 2.4-IV1
	log.message.timestamp.difference.max.ms = 9223372036854775807
	log.message.timestamp.type = CreateTime
	log.preallocate = false
	log.retention.bytes = -1
	log.retention.check.interval.ms = 300000
	log.retention.hours = 168
	log.retention.minutes = null
	log.retention.ms = null
	log.roll.hours = 168
	log.roll.jitter.hours = 0
	log.roll.jitter.ms = null
	log.roll.ms = null
	log.segment.bytes = 1073741824
	log.segment.delete.delay.ms = 60000
	max.connections = 2147483647
	max.connections.per.ip = 2147483647
	max.connections.per.ip.overrides = 
	max.incremental.fetch.session.cache.slots = 1000
	message.max.bytes = 1000012
	metric.reporters = []
	metrics.num.samples = 2
	metrics.recording.level = INFO
	metrics.sample.window.ms = 30000
	min.insync.replicas = 1
	num.io.threads = 8
	num.network.threads = 3
	num.partitions = 1
	num.recovery.threads.per.data.dir = 1
	num.replica.alter.log.dirs.threads = null
	num.replica.fetchers = 1
	offset.metadata.max.bytes = 4096
	offsets.commit.required.acks = -1
	offsets.commit.timeout.ms = 5000
	offsets.load.buffer.size = 5242880
	offsets.retention.check.interval.ms = 600000
	offsets.retention.minutes = 10080
	offsets.topic.compression.codec = 0
	offsets.topic.num.partitions = 50
	offsets.topic.replication.factor = 1
	offsets.topic.segment.bytes = 104857600
	password.encoder.cipher.algorithm = AES/CBC/PKCS5Padding
	password.encoder.iterations = 4096
	password.encoder.key.length = 128
	password.encoder.keyfactory.algorithm = null
	password.encoder.old.secret = null
	password.encoder.secret = null
	port = 9092
	principal.builder.class = null
	producer.purgatory.purge.interval.requests = 1000
	queued.max.request.bytes = -1
	queued.max.requests = 500
	quota.consumer.default = 9223372036854775807
	quota.producer.default = 9223372036854775807
	quota.window.num = 11
	quota.window.size.seconds = 1
	replica.fetch.backoff.ms = 1000
	replica.fetch.max.bytes = 1048576
	replica.fetch.min.bytes = 1
	replica.fetch.response.max.bytes = 10485760
	replica.fetch.wait.max.ms = 500
	replica.high.watermark.checkpoint.interval.ms = 5000
	replica.lag.time.max.ms = 10000
	replica.selector.class = null
	replica.socket.receive.buffer.bytes = 65536
	replica.socket.timeout.ms = 30000
	replication.quota.window.num = 11
	replication.quota.window.size.seconds = 1
	request.timeout.ms = 30000
	reserved.broker.max.id = 1000
	sasl.client.callback.handler.class = null
	sasl.enabled.mechanisms = [GSSAPI]
	sasl.jaas.config = null
	sasl.kerberos.kinit.cmd = /usr/bin/kinit
	sasl.kerberos.min.time.before.relogin = 60000
	sasl.kerberos.principal.to.local.rules = [DEFAULT]
	sasl.kerberos.service.name = null
	sasl.kerberos.ticket.renew.jitter = 0.05
	sasl.kerberos.ticket.renew.window.factor = 0.8
	sasl.login.callback.handler.class = null
	sasl.login.class = null
	sasl.login.refresh.buffer.seconds = 300
	sasl.login.refresh.min.period.seconds = 60
	sasl.login.refresh.window.factor = 0.8
	sasl.login.refresh.window.jitter = 0.05
	sasl.mechanism.inter.broker.protocol = GSSAPI
	sasl.server.callback.handler.class = null
	security.inter.broker.protocol = PLAINTEXT
	security.providers = null
	socket.receive.buffer.bytes = 102400
	socket.request.max.bytes = 104857600
	socket.send.buffer.bytes = 102400
	ssl.cipher.suites = []
	ssl.client.auth = none
	ssl.enabled.protocols = [TLSv1.2, TLSv1.1, TLSv1]
	ssl.endpoint.identification.algorithm = https
	ssl.key.password = null
	ssl.keymanager.algorithm = SunX509
	ssl.keystore.location = null
	ssl.keystore.password = null
	ssl.keystore.type = JKS
	ssl.principal.mapping.rules = DEFAULT
	ssl.protocol = TLS
	ssl.provider = null
	ssl.secure.random.implementation = null
	ssl.trustmanager.algorithm = PKIX
	ssl.truststore.location = null
	ssl.truststore.password = null
	ssl.truststore.type = JKS
	transaction.abort.timed.out.transaction.cleanup.interval.ms = 60000
	transaction.max.timeout.ms = 900000
	transaction.remove.expired.transaction.cleanup.interval.ms = 3600000
	transaction.state.log.load.buffer.size = 5242880
	transaction.state.log.min.isr = 1
	transaction.state.log.num.partitions = 50
	transaction.state.log.replication.factor = 1
	transaction.state.log.segment.bytes = 104857600
	transactional.id.expiration.ms = 604800000
	unclean.leader.election.enable = false
	zookeeper.connect = localhost:2181
	zookeeper.connection.timeout.ms = 6000
	zookeeper.max.in.flight.requests = 10
	zookeeper.session.timeout.ms = 6000
	zookeeper.set.acl = false
	zookeeper.sync.time.ms = 2000
 (kafka.server.KafkaConfig)
[2020-01-08 21:41:47,201] INFO KafkaConfig values: 
	advertised.host.name = null
	advertised.listeners = null
	advertised.port = null
	alter.config.policy.class.name = null
	alter.log.dirs.replication.quota.window.num = 11
	alter.log.dirs.replication.quota.window.size.seconds = 1
	authorizer.class.name = 
	auto.create.topics.enable = true
	auto.leader.rebalance.enable = true
	background.threads = 10
	broker.id = 0
	broker.id.generation.enable = true
	broker.rack = null
	client.quota.callback.class = null
	compression.type = producer
	connection.failed.authentication.delay.ms = 100
	connections.max.idle.ms = 600000
	connections.max.reauth.ms = 0
	control.plane.listener.name = null
	controlled.shutdown.enable = true
	controlled.shutdown.max.retries = 3
	controlled.shutdown.retry.backoff.ms = 5000
	controller.socket.timeout.ms = 30000
	create.topic.policy.class.name = null
	default.replication.factor = 1
	delegation.token.expiry.check.interval.ms = 3600000
	delegation.token.expiry.time.ms = 86400000
	delegation.token.master.key = null
	delegation.token.max.lifetime.ms = 604800000
	delete.records.purgatory.purge.interval.requests = 1
	delete.topic.enable = true
	fetch.purgatory.purge.interval.requests = 1000
	group.initial.rebalance.delay.ms = 0
	group.max.session.timeout.ms = 1800000
	group.max.size = 2147483647
	group.min.session.timeout.ms = 6000
	host.name = 
	inter.broker.listener.name = null
	inter.broker.protocol.version = 2.4-IV1
	kafka.metrics.polling.interval.secs = 10
	kafka.metrics.reporters = []
	leader.imbalance.check.interval.seconds = 300
	leader.imbalance.per.broker.percentage = 10
	listener.security.protocol.map = PLAINTEXT:PLAINTEXT,SSL:SSL,SASL_PLAINTEXT:SASL_PLAINTEXT,SASL_SSL:SASL_SSL
	listeners = null
	log.cleaner.backoff.ms = 15000
	log.cleaner.dedupe.buffer.size = 134217728
	log.cleaner.delete.retention.ms = 86400000
	log.cleaner.enable = true
	log.cleaner.io.buffer.load.factor = 0.9
	log.cleaner.io.buffer.size = 524288
	log.cleaner.io.max.bytes.per.second = 1.7976931348623157E308
	log.cleaner.max.compaction.lag.ms = 9223372036854775807
	log.cleaner.min.cleanable.ratio = 0.5
	log.cleaner.min.compaction.lag.ms = 0
	log.cleaner.threads = 1
	log.cleanup.policy = [delete]
	log.dir = /tmp/kafka-logs
	log.dirs = /tmp/kafka-logs
	log.flush.interval.messages = 9223372036854775807
	log.flush.interval.ms = null
	log.flush.offset.checkpoint.interval.ms = 60000
	log.flush.scheduler.interval.ms = 9223372036854775807
	log.flush.start.offset.checkpoint.interval.ms = 60000
	log.index.interval.bytes = 4096
	log.index.size.max.bytes = 10485760
	log.message.downconversion.enable = true
	log.message.format.version = 2.4-IV1
	log.message.timestamp.difference.max.ms = 9223372036854775807
	log.message.timestamp.type = CreateTime
	log.preallocate = false
	log.retention.bytes = -1
	log.retention.check.interval.ms = 300000
	log.retention.hours = 168
	log.retention.minutes = null
	log.retention.ms = null
	log.roll.hours = 168
	log.roll.jitter.hours = 0
	log.roll.jitter.ms = null
	log.roll.ms = null
	log.segment.bytes = 1073741824
	log.segment.delete.delay.ms = 60000
	max.connections = 2147483647
	max.connections.per.ip = 2147483647
	max.connections.per.ip.overrides = 
	max.incremental.fetch.session.cache.slots = 1000
	message.max.bytes = 1000012
	metric.reporters = []
	metrics.num.samples = 2
	metrics.recording.level = INFO
	metrics.sample.window.ms = 30000
	min.insync.replicas = 1
	num.io.threads = 8
	num.network.threads = 3
	num.partitions = 1
	num.recovery.threads.per.data.dir = 1
	num.replica.alter.log.dirs.threads = null
	num.replica.fetchers = 1
	offset.metadata.max.bytes = 4096
	offsets.commit.required.acks = -1
	offsets.commit.timeout.ms = 5000
	offsets.load.buffer.size = 5242880
	offsets.retention.check.interval.ms = 600000
	offsets.retention.minutes = 10080
	offsets.topic.compression.codec = 0
	offsets.topic.num.partitions = 50
	offsets.topic.replication.factor = 1
	offsets.topic.segment.bytes = 104857600
	password.encoder.cipher.algorithm = AES/CBC/PKCS5Padding
	password.encoder.iterations = 4096
	password.encoder.key.length = 128
	password.encoder.keyfactory.algorithm = null
	password.encoder.old.secret = null
	password.encoder.secret = null
	port = 9092
	principal.builder.class = null
	producer.purgatory.purge.interval.requests = 1000
	queued.max.request.bytes = -1
	queued.max.requests = 500
	quota.consumer.default = 9223372036854775807
	quota.producer.default = 9223372036854775807
	quota.window.num = 11
	quota.window.size.seconds = 1
	replica.fetch.backoff.ms = 1000
	replica.fetch.max.bytes = 1048576
	replica.fetch.min.bytes = 1
	replica.fetch.response.max.bytes = 10485760
	replica.fetch.wait.max.ms = 500
	replica.high.watermark.checkpoint.interval.ms = 5000
	replica.lag.time.max.ms = 10000
	replica.selector.class = null
	replica.socket.receive.buffer.bytes = 65536
	replica.socket.timeout.ms = 30000
	replication.quota.window.num = 11
	replication.quota.window.size.seconds = 1
	request.timeout.ms = 30000
	reserved.broker.max.id = 1000
	sasl.client.callback.handler.class = null
	sasl.enabled.mechanisms = [GSSAPI]
	sasl.jaas.config = null
	sasl.kerberos.kinit.cmd = /usr/bin/kinit
	sasl.kerberos.min.time.before.relogin = 60000
	sasl.kerberos.principal.to.local.rules = [DEFAULT]
	sasl.kerberos.service.name = null
	sasl.kerberos.ticket.renew.jitter = 0.05
	sasl.kerberos.ticket.renew.window.factor = 0.8
	sasl.login.callback.handler.class = null
	sasl.login.class = null
	sasl.login.refresh.buffer.seconds = 300
	sasl.login.refresh.min.period.seconds = 60
	sasl.login.refresh.window.factor = 0.8
	sasl.login.refresh.window.jitter = 0.05
	sasl.mechanism.inter.broker.protocol = GSSAPI
	sasl.server.callback.handler.class = null
	security.inter.broker.protocol = PLAINTEXT
	security.providers = null
	socket.receive.buffer.bytes = 102400
	socket.request.max.bytes = 104857600
	socket.send.buffer.bytes = 102400
	ssl.cipher.suites = []
	ssl.client.auth = none
	ssl.enabled.protocols = [TLSv1.2, TLSv1.1, TLSv1]
	ssl.endpoint.identification.algorithm = https
	ssl.key.password = null
	ssl.keymanager.algorithm = SunX509
	ssl.keystore.location = null
	ssl.keystore.password = null
	ssl.keystore.type = JKS
	ssl.principal.mapping.rules = DEFAULT
	ssl.protocol = TLS
	ssl.provider = null
	ssl.secure.random.implementation = null
	ssl.trustmanager.algorithm = PKIX
	ssl.truststore.location = null
	ssl.truststore.password = null
	ssl.truststore.type = JKS
	transaction.abort.timed.out.transaction.cleanup.interval.ms = 60000
	transaction.max.timeout.ms = 900000
	transaction.remove.expired.transaction.cleanup.interval.ms = 3600000
	transaction.state.log.load.buffer.size = 5242880
	transaction.state.log.min.isr = 1
	transaction.state.log.num.partitions = 50
	transaction.state.log.replication.factor = 1
	transaction.state.log.segment.bytes = 104857600
	transactional.id.expiration.ms = 604800000
	unclean.leader.election.enable = false
	zookeeper.connect = localhost:2181
	zookeeper.connection.timeout.ms = 6000
	zookeeper.max.in.flight.requests = 10
	zookeeper.session.timeout.ms = 6000
	zookeeper.set.acl = false
	zookeeper.sync.time.ms = 2000
 (kafka.server.KafkaConfig)
[2020-01-08 21:41:47,216] INFO [ThrottledChannelReaper-Fetch]: Starting (kafka.server.ClientQuotaManager$ThrottledChannelReaper)
[2020-01-08 21:41:47,216] INFO [ThrottledChannelReaper-Produce]: Starting (kafka.server.ClientQuotaManager$ThrottledChannelReaper)
[2020-01-08 21:41:47,219] INFO [ThrottledChannelReaper-Request]: Starting (kafka.server.ClientQuotaManager$ThrottledChannelReaper)
[2020-01-08 21:41:47,234] INFO Log directory /tmp/kafka-logs not found, creating it. (kafka.log.LogManager)
[2020-01-08 21:41:47,238] INFO Loading logs. (kafka.log.LogManager)
[2020-01-08 21:41:47,242] INFO Logs loading complete in 4 ms. (kafka.log.LogManager)
[2020-01-08 21:41:47,251] INFO Starting log cleanup with a period of 300000 ms. (kafka.log.LogManager)
[2020-01-08 21:41:47,253] INFO Starting log flusher with a default period of 9223372036854775807 ms. (kafka.log.LogManager)
[2020-01-08 21:41:47,489] INFO Awaiting socket connections on 0.0.0.0:9092. (kafka.network.Acceptor)
[2020-01-08 21:41:47,508] INFO [SocketServer brokerId=0] Created data-plane acceptor and processors for endpoint : EndPoint(null,9092,ListenerName(PLAINTEXT),PLAINTEXT) (kafka.network.SocketServer)
[2020-01-08 21:41:47,509] INFO [SocketServer brokerId=0] Started 1 acceptor threads for data-plane (kafka.network.SocketServer)
[2020-01-08 21:41:47,521] INFO [ExpirationReaper-0-Produce]: Starting (kafka.server.DelayedOperationPurgatory$ExpiredOperationReaper)
[2020-01-08 21:41:47,521] INFO [ExpirationReaper-0-Fetch]: Starting (kafka.server.DelayedOperationPurgatory$ExpiredOperationReaper)
[2020-01-08 21:41:47,522] INFO [ExpirationReaper-0-DeleteRecords]: Starting (kafka.server.DelayedOperationPurgatory$ExpiredOperationReaper)
[2020-01-08 21:41:47,522] INFO [ExpirationReaper-0-ElectLeader]: Starting (kafka.server.DelayedOperationPurgatory$ExpiredOperationReaper)
[2020-01-08 21:41:47,530] INFO [LogDirFailureHandler]: Starting (kafka.server.ReplicaManager$LogDirFailureHandler)
[2020-01-08 21:41:47,544] INFO Creating /brokers/ids/0 (is it secure? false) (kafka.zk.KafkaZkClient)
[2020-01-08 21:41:47,558] INFO Stat of the created znode at /brokers/ids/0 is: 24,24,1578487307551,1578487307551,1,0,0,72063094804185088,184,0,24
 (kafka.zk.KafkaZkClient)
[2020-01-08 21:41:47,558] INFO Registered broker 0 at path /brokers/ids/0 with addresses: ArrayBuffer(EndPoint(cracker,9092,ListenerName(PLAINTEXT),PLAINTEXT)), czxid (broker epoch): 24 (kafka.zk.KafkaZkClient)
[2020-01-08 21:41:47,597] INFO [ExpirationReaper-0-topic]: Starting (kafka.server.DelayedOperationPurgatory$ExpiredOperationReaper)
[2020-01-08 21:41:47,598] INFO [ExpirationReaper-0-Heartbeat]: Starting (kafka.server.DelayedOperationPurgatory$ExpiredOperationReaper)
[2020-01-08 21:41:47,599] INFO [ExpirationReaper-0-Rebalance]: Starting (kafka.server.DelayedOperationPurgatory$ExpiredOperationReaper)
[2020-01-08 21:41:47,604] INFO Successfully created /controller_epoch with initial epoch 0 (kafka.zk.KafkaZkClient)
[2020-01-08 21:41:47,622] INFO [GroupCoordinator 0]: Starting up. (kafka.coordinator.group.GroupCoordinator)
[2020-01-08 21:41:47,623] INFO [GroupCoordinator 0]: Startup complete. (kafka.coordinator.group.GroupCoordinator)
[2020-01-08 21:41:47,626] INFO [GroupMetadataManager brokerId=0] Removed 0 expired offsets in 3 milliseconds. (kafka.coordinator.group.GroupMetadataManager)
[2020-01-08 21:41:47,633] INFO [ProducerId Manager 0]: Acquired new producerId block (brokerId:0,blockStartProducerId:0,blockEndProducerId:999) by writing to Zk with path version 1 (kafka.coordinator.transaction.ProducerIdManager)
[2020-01-08 21:41:47,649] INFO [TransactionCoordinator id=0] Starting up. (kafka.coordinator.transaction.TransactionCoordinator)
[2020-01-08 21:41:47,650] INFO [Transaction Marker Channel Manager 0]: Starting (kafka.coordinator.transaction.TransactionMarkerChannelManager)
[2020-01-08 21:41:47,651] INFO [TransactionCoordinator id=0] Startup complete. (kafka.coordinator.transaction.TransactionCoordinator)
[2020-01-08 21:41:47,670] INFO [ExpirationReaper-0-AlterAcls]: Starting (kafka.server.DelayedOperationPurgatory$ExpiredOperationReaper)
[2020-01-08 21:41:47,690] INFO [/config/changes-event-process-thread]: Starting (kafka.common.ZkNodeChangeNotificationListener$ChangeEventProcessThread)
[2020-01-08 21:41:47,700] INFO [SocketServer brokerId=0] Started data-plane processors for 1 acceptors (kafka.network.SocketServer)
[2020-01-08 21:41:47,703] INFO Kafka version: 2.4.0 (org.apache.kafka.common.utils.AppInfoParser)
[2020-01-08 21:41:47,703] INFO Kafka commitId: 77a89fcf8d7fa018 (org.apache.kafka.common.utils.AppInfoParser)
[2020-01-08 21:41:47,703] INFO Kafka startTimeMs: 1578487307700 (org.apache.kafka.common.utils.AppInfoParser)
[2020-01-08 21:41:47,704] INFO [KafkaServer id=0] started (kafka.server.KafkaServer)
[2020-01-08 21:51:47,623] INFO [GroupMetadataManager brokerId=0] Removed 0 expired offsets in 0 milliseconds. (kafka.coordinator.group.GroupMetadataManager)
[2020-01-08 22:01:47,623] INFO [GroupMetadataManager brokerId=0] Removed 0 expired offsets in 0 milliseconds. (kafka.coordinator.group.GroupMetadataManager)
[2020-01-08 22:11:47,623] INFO [GroupMetadataManager brokerId=0] Removed 0 expired offsets in 0 milliseconds. (kafka.coordinator.group.GroupMetadataManager)
[2020-01-08 22:21:47,623] INFO [GroupMetadataManager brokerId=0] Removed 0 expired offsets in 0 milliseconds. (kafka.coordinator.group.GroupMetadataManager)
[2020-01-08 22:30:18,361] INFO Creating topic my-replicated-topic with configuration {} and initial partition assignment Map(0 -> ArrayBuffer(0, 1, 2)) (kafka.zk.AdminZkClient)
[2020-01-08 22:30:18,418] INFO [ReplicaFetcherManager on broker 0] Removed fetcher for partitions Set(my-replicated-topic-0) (kafka.server.ReplicaFetcherManager)
[2020-01-08 22:30:18,479] INFO [Log partition=my-replicated-topic-0, dir=/tmp/kafka-logs] Loading producer state till offset 0 with message format version 2 (kafka.log.Log)
[2020-01-08 22:30:18,483] INFO [Log partition=my-replicated-topic-0, dir=/tmp/kafka-logs] Completed load of log with 1 segments, log start offset 0 and log end offset 0 in 31 ms (kafka.log.Log)
[2020-01-08 22:30:18,484] INFO Created log for partition my-replicated-topic-0 in /tmp/kafka-logs/my-replicated-topic-0 with properties {compression.type -> producer, message.downconversion.enable -> true, min.insync.replicas -> 1, segment.jitter.ms -> 0, cleanup.policy -> [delete], flush.ms -> 9223372036854775807, segment.bytes -> 1073741824, retention.ms -> 604800000, flush.messages -> 9223372036854775807, message.format.version -> 2.4-IV1, file.delete.delay.ms -> 60000, max.compaction.lag.ms -> 9223372036854775807, max.message.bytes -> 1000012, min.compaction.lag.ms -> 0, message.timestamp.type -> CreateTime, preallocate -> false, min.cleanable.dirty.ratio -> 0.5, index.interval.bytes -> 4096, unclean.leader.election.enable -> false, retention.bytes -> -1, delete.retention.ms -> 86400000, segment.ms -> 604800000, message.timestamp.difference.max.ms -> 9223372036854775807, segment.index.bytes -> 10485760}. (kafka.log.LogManager)
[2020-01-08 22:30:18,493] INFO [Partition my-replicated-topic-0 broker=0] No checkpointed highwatermark is found for partition my-replicated-topic-0 (kafka.cluster.Partition)
[2020-01-08 22:30:18,493] INFO [Partition my-replicated-topic-0 broker=0] Log loaded for partition my-replicated-topic-0 with initial high watermark 0 (kafka.cluster.Partition)
[2020-01-08 22:30:18,494] INFO [Partition my-replicated-topic-0 broker=0] my-replicated-topic-0 starts at Leader Epoch 0 from offset 0. Previous Leader Epoch was: -1 (kafka.cluster.Partition)
[2020-01-08 22:31:47,623] INFO [GroupMetadataManager brokerId=0] Removed 0 expired offsets in 0 milliseconds. (kafka.coordinator.group.GroupMetadataManager)
[2020-01-08 22:41:47,623] INFO [GroupMetadataManager brokerId=0] Removed 0 expired offsets in 0 milliseconds. (kafka.coordinator.group.GroupMetadataManager)
[2020-01-08 22:51:47,623] INFO [GroupMetadataManager brokerId=0] Removed 0 expired offsets in 0 milliseconds. (kafka.coordinator.group.GroupMetadataManager)
[2020-01-08 23:01:47,623] INFO [GroupMetadataManager brokerId=0] Removed 0 expired offsets in 0 milliseconds. (kafka.coordinator.group.GroupMetadataManager)
[2020-01-08 23:11:47,623] INFO [GroupMetadataManager brokerId=0] Removed 0 expired offsets in 0 milliseconds. (kafka.coordinator.group.GroupMetadataManager)
[2020-01-08 23:21:47,623] INFO [GroupMetadataManager brokerId=0] Removed 0 expired offsets in 0 milliseconds. (kafka.coordinator.group.GroupMetadataManager)
[2020-01-08 23:31:47,623] INFO [GroupMetadataManager brokerId=0] Removed 0 expired offsets in 0 milliseconds. (kafka.coordinator.group.GroupMetadataManager)
[2020-01-08 23:41:47,623] INFO [GroupMetadataManager brokerId=0] Removed 0 expired offsets in 0 milliseconds. (kafka.coordinator.group.GroupMetadataManager)
[2020-01-08 23:51:47,623] INFO [GroupMetadataManager brokerId=0] Removed 0 expired offsets in 0 milliseconds. (kafka.coordinator.group.GroupMetadataManager)
